<?xml version="1.0" encoding="utf-8"?><testsuites name="pytest tests"><testsuite name="pytest" errors="0" failures="0" skipped="0" tests="17" time="13.559" timestamp="2026-04-20T17:01:53.793279+00:00" hostname="agent-env-b735a86b-7451-4b51-9227-d32e07f4abfd"><testcase classname="tests.test_iteration3_features.TestEnrichedProfile" name="test_update_profile_with_all_fields" time="1.346" /><testcase classname="tests.test_iteration3_features.TestEnrichedProfile" name="test_update_profile_strips_invalid_social_keys" time="0.666" /><testcase classname="tests.test_iteration3_features.TestEnrichedProfile" name="test_update_profile_partial_fields" time="0.517" /><testcase classname="tests.test_iteration3_features.TestPublicProfile" name="test_get_public_profile_returns_public_fields" time="0.548" /><testcase classname="tests.test_iteration3_features.TestPublicProfile" name="test_get_public_profile_with_invalid_id_returns_404" time="0.487" /><testcase classname="tests.test_iteration3_features.TestDailyWeeklyChallenges" name="test_challenges_structure_has_daily_weekly_permanent" time="0.401" /><testcase classname="tests.test_iteration3_features.TestDailyWeeklyChallenges" name="test_daily_challenges_are_deterministic_per_user_per_day" time="0.457" /><testcase classname="tests.test_iteration3_features.TestDailyWeeklyChallenges" name="test_daily_challenges_differ_between_users" time="0.800" /><testcase classname="tests.test_iteration3_features.TestDailyWeeklyChallenges" name="test_weekly_challenges_are_deterministic_per_user_per_week" time="0.465" /><testcase classname="tests.test_iteration3_features.TestDailyChallengeCompletion" name="test_complete_daily_challenge_not_in_selection_returns_400" time="0.497" /><testcase classname="tests.test_iteration3_features.TestDailyChallengeCompletion" name="test_daily_warmup_fails_without_minutes_today" time="0.409" /><testcase classname="tests.test_iteration3_features.TestDailyChallengeCompletion" name="test_daily_warmup_succeeds_after_logging_minutes" time="0.648" /><testcase classname="tests.test_iteration3_features.TestDailyChallengeCompletion" name="test_daily_mix_day_requires_mix_session_today" time="0.939" /><testcase classname="tests.test_iteration3_features.TestDailyChallengeCompletion" name="test_daily_challenge_cannot_be_completed_twice_same_day" time="0.543" /><testcase classname="tests.test_iteration3_features.TestWeeklyChallengeCompletion" name="test_weekly_sessions_requires_min_sessions_this_week" time="0.473" /><testcase classname="tests.test_iteration3_features.TestWeeklyChallengeCompletion" name="test_weekly_varied_requires_all_three_types_this_week" time="0.700" /><testcase classname="tests.test_iteration3_features.TestChallengeXPScaling" name="test_xp_reward_scales_with_user_level" time="3.456" /></testsuite></testsuites>