<?xml version="1.0" encoding="utf-8"?><testsuites name="pytest tests"><testsuite name="pytest" errors="0" failures="0" skipped="0" tests="14" time="17.171" timestamp="2026-04-20T17:26:08.612937+00:00" hostname="agent-env-b735a86b-7451-4b51-9227-d32e07f4abfd"><testcase classname="tests.test_iteration4_features.TestAudioUpload" name="test_upload_audio_creates_session_with_analysis" time="3.786" /><testcase classname="tests.test_iteration4_features.TestAudioUpload" name="test_upload_audio_updates_user_totals" time="1.908" /><testcase classname="tests.test_iteration4_features.TestAudioUpload" name="test_upload_audio_creates_audio_analyses_record" time="1.896" /><testcase classname="tests.test_iteration4_features.TestAudioUpload" name="test_upload_with_invalid_session_type_returns_400" time="0.798" /><testcase classname="tests.test_iteration4_features.TestAudioUpload" name="test_upload_empty_file_returns_400" time="0.688" /><testcase classname="tests.test_iteration4_features.TestSessionEdit" name="test_patch_session_changes_duration_and_type" time="0.911" /><testcase classname="tests.test_iteration4_features.TestSessionEdit" name="test_patch_session_changes_only_notes" time="1.002" /><testcase classname="tests.test_iteration4_features.TestSessionEdit" name="test_patch_session_with_invalid_type_returns_400" time="0.797" /><testcase classname="tests.test_iteration4_features.TestSessionEdit" name="test_patch_nonexistent_session_returns_404" time="0.993" /><testcase classname="tests.test_iteration4_features.TestSessionEdit" name="test_patch_another_users_session_returns_404" time="0.869" /><testcase classname="tests.test_iteration4_features.TestSessionEditPreservesQualityBonus" name="test_patch_duration_preserves_quality_bonus" time="1.910" /><testcase classname="tests.test_iteration4_features.TestSessionDelete" name="test_delete_session_removes_and_updates_totals" time="0.653" /><testcase classname="tests.test_iteration4_features.TestSessionDelete" name="test_delete_nonexistent_session_returns_404" time="0.399" /><testcase classname="tests.test_iteration4_features.TestXPCalculationFlow" name="test_xp_flow_manual_to_edit" time="0.468" /></testsuite></testsuites>