<?xml version="1.0" encoding="utf-8"?><testsuites name="pytest tests"><testsuite name="pytest" errors="0" failures="0" skipped="0" tests="12" time="36.609" timestamp="2026-04-19T16:25:04.748792+00:00" hostname="agent-env-b735a86b-7451-4b51-9227-d32e07f4abfd"><testcase classname="tests.test_iteration2_features.TestChallengeAutoVerification" name="test_challenges_return_meets_requirements_and_progress" time="2.550" /><testcase classname="tests.test_iteration2_features.TestChallengeAutoVerification" name="test_daily_grind_locked_for_fresh_user" time="1.702" /><testcase classname="tests.test_iteration2_features.TestChallengeAutoVerification" name="test_complete_challenge_returns_400_when_criteria_not_met" time="1.830" /><testcase classname="tests.test_iteration2_features.TestChallengeAutoVerification" name="test_freestyle_30_unlocked_after_30min_session" time="3.887" /><testcase classname="tests.test_iteration2_features.TestFriendsSystem" name="test_get_friends_me_returns_friend_code" time="1.766" /><testcase classname="tests.test_iteration2_features.TestFriendsSystem" name="test_add_friend_creates_bidirectional_friendship" time="5.600" /><testcase classname="tests.test_iteration2_features.TestFriendsSystem" name="test_add_friend_with_own_code_returns_400" time="2.419" /><testcase classname="tests.test_iteration2_features.TestFriendsSystem" name="test_add_friend_with_invalid_code_returns_404" time="1.756" /><testcase classname="tests.test_iteration2_features.TestFriendsSystem" name="test_get_friends_returns_list_with_stats" time="4.826" /><testcase classname="tests.test_iteration2_features.TestFriendsSystem" name="test_delete_friend_removes_bidirectional_friendship" time="6.772" /><testcase classname="tests.test_iteration2_features.TestPremiumRemoval" name="test_new_user_is_premium_by_default" time="1.213" /><testcase classname="tests.test_iteration2_features.TestAudioAnalysisStorage" name="test_audio_analysis_stored_for_challenge_verification" time="2.088" /></testsuite></testsuites>