<?xml version="1.0" encoding="utf-8"?><testsuites name="pytest tests"><testsuite name="pytest" errors="0" failures="0" skipped="0" tests="16" time="32.159" timestamp="2026-04-19T15:51:22.795507+00:00" hostname="agent-env-b735a86b-7451-4b51-9227-d32e07f4abfd"><testcase classname="tests.test_dj_tracker.TestAPIRoot" name="test_api_root_online" time="1.211" /><testcase classname="tests.test_dj_tracker.TestAuth" name="test_register_creates_user_with_rank_info" time="0.942" /><testcase classname="tests.test_dj_tracker.TestAuth" name="test_login_with_same_credentials" time="0.961" /><testcase classname="tests.test_dj_tracker.TestAuth" name="test_get_me_with_bearer_token" time="1.939" /><testcase classname="tests.test_dj_tracker.TestAuth" name="test_login_invalid_credentials" time="0.984" /><testcase classname="tests.test_dj_tracker.TestSessions" name="test_create_session_freestyle_60min" time="1.686" /><testcase classname="tests.test_dj_tracker.TestSessions" name="test_get_sessions_list" time="1.873" /><testcase classname="tests.test_dj_tracker.TestSessions" name="test_delete_session_decrements_xp" time="3.134" /><testcase classname="tests.test_dj_tracker.TestChallenges" name="test_get_challenges_returns_5_default" time="1.668" /><testcase classname="tests.test_dj_tracker.TestChallenges" name="test_complete_challenge_adds_xp" time="3.268" /><testcase classname="tests.test_dj_tracker.TestChallenges" name="test_complete_challenge_twice_returns_400" time="2.378" /><testcase classname="tests.test_dj_tracker.TestStats" name="test_get_stats_structure" time="1.725" /><testcase classname="tests.test_dj_tracker.TestLeaderboard" name="test_get_leaderboard_sorted_by_xp" time="0.784" /><testcase classname="tests.test_dj_tracker.TestPremium" name="test_premium_toggle" time="2.412" /><testcase classname="tests.test_dj_tracker.TestRankProgression" name="test_rank_progression_500xp_to_cuivre_iv" time="6.172" /><testcase classname="tests.test_dj_tracker.TestAdminAuth" name="test_admin_login" time="0.958" /></testsuite></testsuites>